<?xml version="1.0" encoding="UTF-8"?>
<!-- Generated by org.testng.reporters.JUnitXMLReporter -->
<testsuite hostname="RenAyobamiEL" ignored="0" name="Test" tests="3" failures="0" timestamp="07 Feb 2020 08:01:04 GMT" time="10.699" errors="0">
  <testcase name="CreateAndDeleteClusters" time="5.735" classname="TestCases.CreateAndDeleteClustersTest"/>
  <testcase name="RetrieveAllClusters" time="2.487" classname="TestCases.ListAllClustersTest"/>
  <testcase name="RetrieveHSBoxes" time="2.454" classname="TestCases.ListHsBoxesTest"/>
</testsuite> <!-- Test -->
